c:\users\odet alexandre\desktop\tmp\babel\debug\vc140.pdb
c:\users\odet alexandre\desktop\tmp\babel\debug\vc140.idb
c:\users\odet alexandre\desktop\tmp\babel\debug\boostnetwork.obj
c:\users\odet alexandre\desktop\tmp\babel\debug\userdb.obj
c:\users\odet alexandre\desktop\tmp\babel\debug\channel.obj
c:\users\odet alexandre\desktop\tmp\babel\debug\channelmanager.obj
c:\users\odet alexandre\desktop\tmp\babel\debug\client.obj
c:\users\odet alexandre\desktop\tmp\babel\debug\main.obj
c:\users\odet alexandre\desktop\tmp\babel\debug\proxy.obj
c:\users\odet alexandre\desktop\tmp\babel\debug\response.obj
c:\users\odet alexandre\desktop\tmp\babel\debug\server.obj
c:\users\odet alexandre\desktop\tmp\babel\debug\status.obj
c:\users\odet alexandre\desktop\tmp\babel\debug\userinformation.obj
c:\users\odet alexandre\desktop\tmp\babel\babel_s_w.pdb
c:\users\odet alexandre\desktop\tmp\babel\debug\babel_s_w.tlog\cl.command.1.tlog
c:\users\odet alexandre\desktop\tmp\babel\debug\babel_s_w.tlog\cl.read.1.tlog
c:\users\odet alexandre\desktop\tmp\babel\debug\babel_s_w.tlog\cl.write.1.tlog
c:\users\odet alexandre\desktop\tmp\babel\debug\babel_s_w.tlog\link-cvtres.read.1.tlog
c:\users\odet alexandre\desktop\tmp\babel\debug\babel_s_w.tlog\link-cvtres.write.1.tlog
c:\users\odet alexandre\desktop\tmp\babel\debug\babel_s_w.tlog\link-rc.read.1.tlog
c:\users\odet alexandre\desktop\tmp\babel\debug\babel_s_w.tlog\link-rc.write.1.tlog
c:\users\odet alexandre\desktop\tmp\babel\debug\babel_s_w.tlog\link.command.1.tlog
c:\users\odet alexandre\desktop\tmp\babel\debug\babel_s_w.tlog\link.read.1.tlog
c:\users\odet alexandre\desktop\tmp\babel\debug\babel_s_w.tlog\link.write.1.tlog
